C:\Users\cvaleti\source\ML_SmartPremium_InsuranceCosts>SmartInsurance_MLFlow.py
Downloading artifacts: 100%|███████████████████████████████████████████████████████████████████████████████████████████████| 7/7 [00:00<00:00, 1549.92it/s]
Linear Regression: RMSE=745361.07, MAE=667.33, R2=0.00
Downloading artifacts: 100%|█████████████████████████████████████████████████████████████████████████████████████████████████| 7/7 [00:00<00:00, 42.57it/s]
Decision Tree: RMSE=1537847.90, MAE=904.24, R2=-1.06
Downloading artifacts: 100%|███████████████████████████████████████████████████| 7/7 [00:12<00:00,  1.83s/it]
Random Forest: RMSE=732650.93, MAE=661.00, R2=0.02
Downloading artifacts: 100%|██████████████████████████████████████████████████| 7/7 [00:00<00:00, 733.69it/s]
XGBoost: RMSE=717033.02, MAE=645.69, R2=0.04
Registered model 'InsurancePremiumPrediction' already exists. Creating a new version of this model...
2025/09/02 22:31:13 WARNING mlflow.tracking._model_registry.fluent: Run with id cdcb1736fe154494857d7704fb1a67aa has no artifacts at artifact path 'model', registering model based on models:/m-125a32312e294a41804957aefd3ff080 instead
Created version '2' of model 'InsurancePremiumPrediction'.
✅ Best model registered: XGBoost with RMSE=717033.02 and Run ID=cdcb1736fe154494857d7704fb1a67aa
Model version 2 promoted to PRODUCTION ✅



2025/09/15 04:01:28 INFO mlflow.tracking.fluent: Experiment with name 'Insurance_Premium_Prediction_Pipeline' does not exist. Creating a new experiment.
Linear Regression: RMSE=705.34,  RMSLE=1.1303,   R2=0.01
Decision Tree: RMSE=996.65,  RMSLE=1.4697,   R2=-0.99
Random Forest: RMSE=687.68,  RMSLE=1.0966,   R2=0.05
XGBoost: RMSE=688.31,  RMSLE=1.1004,   R2=0.05


After GridSerachCV Parameters

Best parameters: {'model__colsample_bytree': 1.0, 'model__learning_rate': 0.01, 'model__max_depth': 8, 'model__n_estimators': 500, 'model__subsample': 0.8}
Best R²: 0.054060732969655446
Validation R²: 0.053909191356662056

2025/09/19 05:19:46 INFO mlflow.tracking.fluent: Experiment with name 'Insurance_Premium_Prediction_Pipeline' does not exist. Creating a new experiment.
Linear Regression: RMSE=705.34,  RMSLE=1.1303,   R2=0.01
Decision Tree: RMSE=996.65,  RMSLE=1.4697,   R2=-0.99
Random Forest: RMSE=687.68,  RMSLE=1.0966,   R2=0.05
XGBoost: RMSE=688.05,  RMSLE=1.0993,   R2=0.05



Best parameters: {'model__colsample_bytree': 1.0, 'model__learning_rate': 0.01, 'model__max_depth': 8, 'model__n_estimators': 500, 'model__subsample': 0.8}
Best R²: 0.05418576860969439
Validation R²: 0.053909191356662056

2025/09/20 05:57:48 INFO mlflow.tracking.fluent: Experiment with name 'Insurance_Premium_Prediction_Pipeline' does not exist. Creating a new experiment.
Linear Regression: RMSE=705.05,  RMSLE=1.1300,   R2=0.01
Decision Tree: RMSE=992.07,  RMSLE=1.4618,   R2=-0.97
Random Forest: RMSE=684.01,  RMSLE=1.0910,   R2=0.06
XGBoost: RMSE=684.66,  RMSLE=1.0940,   R2=0.06







 